# JRE version: 7.0_07-b10
# Java VM: Java HotSpot(TM) 64-Bit Server VM (23.3-b01 mixed mode bsd-amd64 compressed oops)
Heap
 PSYoungGen      total 17088K, used 10065K [0x00000007eceb0000, 0x00000007ef010000, 0x0000000800000000)
  eden space 14656K, 52% used [0x00000007eceb0000,0x00000007ed6286d8,0x00000007edd00000)
  from space 2432K, 99% used [0x00000007edd00000,0x00000007edf5c030,0x00000007edf60000)
  to   space 2432K, 0% used [0x00000007eedb0000,0x00000007eedb0000,0x00000007ef010000)
 ParOldGen       total 39040K, used 3806K [0x00000007c6c00000, 0x00000007c9220000, 0x00000007eceb0000)
  object space 39040K, 9% used [0x00000007c6c00000,0x00000007c6fb7980,0x00000007c9220000)
 PSPermGen       total 21248K, used 14653K [0x00000007c1a00000, 0x00000007c2ec0000, 0x00000007c6c00000)
  object space 21248K, 68% used [0x00000007c1a00000,0x00000007c284f688,0x00000007c2ec0000)
GC Heap History (6 events):
Event: 0.460 GC heap before
{Heap before GC invocations=1 (full 0):
 PSYoungGen      total 17088K, used 14656K [0x00000007eceb0000, 0x00000007ee1c0000, 0x0000000800000000)
  eden space 14656K, 100% used [0x00000007eceb0000,0x00000007edd00000,0x00000007edd00000)
  from space 2432K, 0% used [0x00000007edf60000,0x00000007edf60000,0x00000007ee1c0000)
  to   space 2432K, 0% used [0x00000007edd00000,0x00000007edd00000,0x00000007edf60000)
 ParOldGen       total 39040K, used 0K [0x00000007c6c00000, 0x00000007c9220000, 0x00000007eceb0000)
  object space 39040K, 0% used [0x00000007c6c00000,0x00000007c6c00000,0x00000007c9220000)
 PSPermGen       total 21248K, used 6850K [0x00000007c1a00000, 0x00000007c2ec0000, 0x00000007c6c00000)
  object space 21248K, 32% used [0x00000007c1a00000,0x00000007c20b0990,0x00000007c2ec0000)
Event: 0.464 GC heap after
Heap after GC invocations=1 (full 0):
 PSYoungGen      total 17088K, used 2429K [0x00000007eceb0000, 0x00000007ee1c0000, 0x0000000800000000)
  eden space 14656K, 0% used [0x00000007eceb0000,0x00000007eceb0000,0x00000007edd00000)
  from space 2432K, 99% used [0x00000007edd00000,0x00000007edf5f760,0x00000007edf60000)
  to   space 2432K, 0% used [0x00000007edf60000,0x00000007edf60000,0x00000007ee1c0000)
 ParOldGen       total 39040K, used 767K [0x00000007c6c00000, 0x00000007c9220000, 0x00000007eceb0000)
  object space 39040K, 1% used [0x00000007c6c00000,0x00000007c6cbfc18,0x00000007c9220000)
 PSPermGen       total 21248K, used 6850K [0x00000007c1a00000, 0x00000007c2ec0000, 0x00000007c6c00000)
  object space 21248K, 32% used [0x00000007c1a00000,0x00000007c20b0990,0x00000007c2ec0000)
}
Event: 24.105 GC heap before
{Heap before GC invocations=2 (full 0):
 PSYoungGen      total 17088K, used 17085K [0x00000007eceb0000, 0x00000007ee1c0000, 0x0000000800000000)
  eden space 14656K, 100% used [0x00000007eceb0000,0x00000007edd00000,0x00000007edd00000)
  from space 2432K, 99% used [0x00000007edd00000,0x00000007edf5f760,0x00000007edf60000)
  to   space 2432K, 0% used [0x00000007edf60000,0x00000007edf60000,0x00000007ee1c0000)
 ParOldGen       total 39040K, used 767K [0x00000007c6c00000, 0x00000007c9220000, 0x00000007eceb0000)
  object space 39040K, 1% used [0x00000007c6c00000,0x00000007c6cbfc18,0x00000007c9220000)
 PSPermGen       total 21248K, used 9268K [0x00000007c1a00000, 0x00000007c2ec0000, 0x00000007c6c00000)
  object space 21248K, 43% used [0x00000007c1a00000,0x00000007c230d398,0x00000007c2ec0000)
Event: 24.111 GC heap after
Heap after GC invocations=2 (full 0):
 PSYoungGen      total 17088K, used 2416K [0x00000007eceb0000, 0x00000007ee1c0000, 0x0000000800000000)
  eden space 14656K, 0% used [0x00000007eceb0000,0x00000007eceb0000,0x00000007edd00000)
  from space 2432K, 99% used [0x00000007edf60000,0x00000007ee1bc010,0x00000007ee1c0000)
  to   space 2432K, 0% used [0x00000007edd00000,0x00000007edd00000,0x00000007edf60000)
 ParOldGen       total 39040K, used 2211K [0x00000007c6c00000, 0x00000007c9220000, 0x00000007eceb0000)
  object space 39040K, 5% used [0x00000007c6c00000,0x00000007c6e28e00,0x00000007c9220000)
 PSPermGen       total 21248K, used 9268K [0x00000007c1a00000, 0x00000007c2ec0000, 0x00000007c6c00000)
  object space 21248K, 43% used [0x00000007c1a00000,0x00000007c230d398,0x00000007c2ec0000)
}
Event: 24.378 GC heap before
{Heap before GC invocations=3 (full 0):
 PSYoungGen      total 17088K, used 17072K [0x00000007eceb0000, 0x00000007ee1c0000, 0x0000000800000000)
  eden space 14656K, 100% used [0x00000007eceb0000,0x00000007edd00000,0x00000007edd00000)
  from space 2432K, 99% used [0x00000007edf60000,0x00000007ee1bc010,0x00000007ee1c0000)
  to   space 2432K, 0% used [0x00000007edd00000,0x00000007edd00000,0x00000007edf60000)
 ParOldGen       total 39040K, used 2211K [0x00000007c6c00000, 0x00000007c9220000, 0x00000007eceb0000)
  object space 39040K, 5% used [0x00000007c6c00000,0x00000007c6e28e00,0x00000007c9220000)
 PSPermGen       total 21248K, used 13859K [0x00000007c1a00000, 0x00000007c2ec0000, 0x00000007c6c00000)
  object space 21248K, 65% used [0x00000007c1a00000,0x00000007c2788f58,0x00000007c2ec0000)
Event: 24.385 GC heap after
Heap after GC invocations=3 (full 0):
 PSYoungGen      total 17088K, used 2416K [0x00000007eceb0000, 0x00000007ef010000, 0x0000000800000000)
  eden space 14656K, 0% used [0x00000007eceb0000,0x00000007eceb0000,0x00000007edd00000)
  from space 2432K, 99% used [0x00000007edd00000,0x00000007edf5c030,0x00000007edf60000)
  to   space 2432K, 0% used [0x00000007eedb0000,0x00000007eedb0000,0x00000007ef010000)
 ParOldGen       total 39040K, used 3806K [0x00000007c6c00000, 0x00000007c9220000, 0x00000007eceb0000)
  object space 39040K, 9% used [0x00000007c6c00000,0x00000007c6fb7980,0x00000007c9220000)
 PSPermGen       total 21248K, used 13859K [0x00000007c1a00000, 0x00000007c2ec0000, 0x00000007c6c00000)
  object space 21248K, 65% used [0x00000007c1a00000,0x00000007c2788f58,0x00000007c2ec0000)
}

